
2014-12-29 23:17:30 INFO  ConnectionPool:41 - Connection pool is initialized successfully. Available connections: 5
2014-12-29 23:17:30 INFO  EntityMetadata:62 - Setter arg type: class java.lang.Stringincome type: Test
2014-12-29 23:17:30 INFO  EntityMetadata:62 - Setter arg type: class java.lang.Stringincome type: Test@gmail.com
2014-12-29 23:17:30 INFO  EntityMetadata:62 - Setter arg type: class java.lang.Stringincome type: hashHere
2014-12-29 23:17:30 INFO  EntityMetadata:62 - Setter arg type: class java.lang.Stringincome type: SaltHere
2014-12-29 23:17:30 INFO  EntityMetadata:62 - Setter arg type: class com.epam.store.model.Passwordincome type: Password{hash='hashHere', salt='SaltHere'}
2014-12-29 23:17:31 INFO  EntityMetadata:62 - Setter arg type: class java.lang.Stringincome type: Milk
2014-12-29 23:17:31 INFO  EntityMetadata:62 - Setter arg type: class java.lang.Stringincome type: Food
2014-12-29 23:17:31 INFO  EntityMetadata:62 - Setter arg type: class com.epam.store.model.Priceincome type: 150.0000
2014-12-29 23:17:50 INFO  ConnectionPool:41 - Connection pool is initialized successfully. Available connections: 5
2014-12-29 23:17:50 INFO  EntityMetadata:62 - Setter arg type: class java.lang.String Income type: Test
2014-12-29 23:17:50 INFO  EntityMetadata:62 - Setter arg type: class java.lang.String Income type: Test@gmail.com
2014-12-29 23:17:50 INFO  EntityMetadata:62 - Setter arg type: class java.lang.String Income type: hashHere
2014-12-29 23:17:50 INFO  EntityMetadata:62 - Setter arg type: class java.lang.String Income type: SaltHere
2014-12-29 23:17:50 INFO  EntityMetadata:62 - Setter arg type: class com.epam.store.model.Password Income type: Password{hash='hashHere', salt='SaltHere'}
2014-12-29 23:17:50 INFO  EntityMetadata:62 - Setter arg type: class java.lang.String Income type: Milk
2014-12-29 23:17:50 INFO  EntityMetadata:62 - Setter arg type: class java.lang.String Income type: Food
2014-12-29 23:17:50 INFO  EntityMetadata:62 - Setter arg type: class com.epam.store.model.Price Income type: 150.0000
2014-12-29 23:17:57 INFO  ConnectionPool:41 - Connection pool is initialized successfully. Available connections: 5
2014-12-29 23:17:57 INFO  EntityMetadata:62 - Setter arg type: class java.lang.String, Income type: Test
2014-12-29 23:17:57 INFO  EntityMetadata:62 - Setter arg type: class java.lang.String, Income type: Test@gmail.com
2014-12-29 23:17:57 INFO  EntityMetadata:62 - Setter arg type: class java.lang.String, Income type: hashHere
2014-12-29 23:17:57 INFO  EntityMetadata:62 - Setter arg type: class java.lang.String, Income type: SaltHere
2014-12-29 23:17:57 INFO  EntityMetadata:62 - Setter arg type: class com.epam.store.model.Password, Income type: Password{hash='hashHere', salt='SaltHere'}
2014-12-29 23:17:57 INFO  EntityMetadata:62 - Setter arg type: class java.lang.String, Income type: Milk
2014-12-29 23:17:57 INFO  EntityMetadata:62 - Setter arg type: class java.lang.String, Income type: Food
2014-12-29 23:17:57 INFO  EntityMetadata:62 - Setter arg type: class com.epam.store.model.Price, Income type: 150.0000
2014-12-29 23:18:07 INFO  ConnectionPool:41 - Connection pool is initialized successfully. Available connections: 5
2014-12-29 23:18:07 INFO  EntityMetadata:62 - Setter arg type: class java.lang.String/n Income type: Test
2014-12-29 23:18:07 INFO  EntityMetadata:62 - Setter arg type: class java.lang.String/n Income type: Test@gmail.com
2014-12-29 23:18:07 INFO  EntityMetadata:62 - Setter arg type: class java.lang.String/n Income type: hashHere
2014-12-29 23:18:07 INFO  EntityMetadata:62 - Setter arg type: class java.lang.String/n Income type: SaltHere
2014-12-29 23:18:07 INFO  EntityMetadata:62 - Setter arg type: class com.epam.store.model.Password/n Income type: Password{hash='hashHere', salt='SaltHere'}
2014-12-29 23:18:07 INFO  EntityMetadata:62 - Setter arg type: class java.lang.String/n Income type: Milk
2014-12-29 23:18:07 INFO  EntityMetadata:62 - Setter arg type: class java.lang.String/n Income type: Food
2014-12-29 23:18:07 INFO  EntityMetadata:62 - Setter arg type: class com.epam.store.model.Price/n Income type: 150.0000
2014-12-29 23:18:41 INFO  ConnectionPool:41 - Connection pool is initialized successfully. Available connections: 5
2014-12-29 23:18:42 INFO  EntityMetadata:62 - Setter arg type: class java.lang.String/n Income type: Test
2014-12-29 23:18:42 INFO  EntityMetadata:62 - Setter arg type: class java.lang.String/n Income type: Test@gmail.com
2014-12-29 23:18:42 INFO  EntityMetadata:62 - Setter arg type: class java.lang.String/n Income type: hashHere
2014-12-29 23:18:42 INFO  EntityMetadata:62 - Setter arg type: class java.lang.String/n Income type: SaltHere
2014-12-29 23:18:42 INFO  EntityMetadata:62 - Setter arg type: class com.epam.store.model.Password/n Income type: Password{hash='hashHere', salt='SaltHere'}
2014-12-29 23:18:42 INFO  EntityMetadata:62 - Setter arg type: class java.lang.String/n Income type: Milk
2014-12-29 23:18:42 INFO  EntityMetadata:62 - Setter arg type: class java.lang.String/n Income type: Food
2014-12-29 23:18:42 INFO  EntityMetadata:62 - Setter arg type: class com.epam.store.model.Price/n Income type: 150.0000
2014-12-29 23:18:53 INFO  ConnectionPool:41 - Connection pool is initialized successfully. Available connections: 5
2014-12-29 23:18:53 INFO  EntityMetadata:62 - Setter arg type: class java.lang.String
 Income type: Test
2014-12-29 23:18:53 INFO  EntityMetadata:62 - Setter arg type: class java.lang.String
 Income type: Test@gmail.com
2014-12-29 23:18:53 INFO  EntityMetadata:62 - Setter arg type: class java.lang.String
 Income type: hashHere
2014-12-29 23:18:53 INFO  EntityMetadata:62 - Setter arg type: class java.lang.String
 Income type: SaltHere
2014-12-29 23:18:53 INFO  EntityMetadata:62 - Setter arg type: class com.epam.store.model.Password
 Income type: Password{hash='hashHere', salt='SaltHere'}
2014-12-29 23:18:53 INFO  EntityMetadata:62 - Setter arg type: class java.lang.String
 Income type: Milk
2014-12-29 23:18:53 INFO  EntityMetadata:62 - Setter arg type: class java.lang.String
 Income type: Food
2014-12-29 23:18:53 INFO  EntityMetadata:62 - Setter arg type: class com.epam.store.model.Price
 Income type: 150.0000
2014-12-29 23:19:09 INFO  ConnectionPool:41 - Connection pool is initialized successfully. Available connections: 5
2014-12-29 23:19:09 INFO  EntityMetadata:62 - Setter arg type: class java.lang.String
 Income type: class java.lang.String
2014-12-29 23:19:09 INFO  EntityMetadata:62 - Setter arg type: class java.lang.String
 Income type: class java.lang.String
2014-12-29 23:19:09 INFO  EntityMetadata:62 - Setter arg type: class java.lang.String
 Income type: class java.lang.String
2014-12-29 23:19:09 INFO  EntityMetadata:62 - Setter arg type: class java.lang.String
 Income type: class java.lang.String
2014-12-29 23:19:09 INFO  EntityMetadata:62 - Setter arg type: class com.epam.store.model.Password
 Income type: class com.epam.store.model.Password
2014-12-29 23:19:09 INFO  EntityMetadata:62 - Setter arg type: class java.lang.String
 Income type: class java.lang.String
2014-12-29 23:19:09 INFO  EntityMetadata:62 - Setter arg type: class java.lang.String
 Income type: class java.lang.String
2014-12-29 23:19:09 INFO  EntityMetadata:62 - Setter arg type: class com.epam.store.model.Price
 Income type: class java.math.BigDecimal
2014-12-29 23:19:36 INFO  ConnectionPool:41 - Connection pool is initialized successfully. Available connections: 5
2014-12-29 23:19:36 INFO  EntityMetadata:62 - Setter arg type: java.lang.String
 Income type: java.lang.String
2014-12-29 23:19:36 INFO  EntityMetadata:62 - Setter arg type: java.lang.String
 Income type: java.lang.String
2014-12-29 23:19:36 INFO  EntityMetadata:62 - Setter arg type: java.lang.String
 Income type: java.lang.String
2014-12-29 23:19:36 INFO  EntityMetadata:62 - Setter arg type: java.lang.String
 Income type: java.lang.String
2014-12-29 23:19:36 INFO  EntityMetadata:62 - Setter arg type: com.epam.store.model.Password
 Income type: com.epam.store.model.Password
2014-12-29 23:19:36 INFO  EntityMetadata:62 - Setter arg type: java.lang.String
 Income type: java.lang.String
2014-12-29 23:19:36 INFO  EntityMetadata:62 - Setter arg type: java.lang.String
 Income type: java.lang.String
2014-12-29 23:19:36 INFO  EntityMetadata:62 - Setter arg type: com.epam.store.model.Price
 Income type: java.math.BigDecimal
2014-12-29 23:19:52 INFO  ConnectionPool:41 - Connection pool is initialized successfully. Available connections: 5
2014-12-29 23:19:52 INFO  EntityMetadata:62 - Setter arg type: String
 Income type: String
2014-12-29 23:19:52 INFO  EntityMetadata:62 - Setter arg type: String
 Income type: String
2014-12-29 23:19:52 INFO  EntityMetadata:62 - Setter arg type: String
 Income type: String
2014-12-29 23:19:52 INFO  EntityMetadata:62 - Setter arg type: String
 Income type: String
2014-12-29 23:19:52 INFO  EntityMetadata:62 - Setter arg type: Password
 Income type: Password
2014-12-29 23:19:52 INFO  EntityMetadata:62 - Setter arg type: String
 Income type: String
2014-12-29 23:19:52 INFO  EntityMetadata:62 - Setter arg type: String
 Income type: String
2014-12-29 23:19:52 INFO  EntityMetadata:62 - Setter arg type: Price
 Income type: BigDecimal
2014-12-29 23:29:48 INFO  ConnectionPool:41 - Connection pool is initialized successfully. Available connections: 5
2014-12-29 23:29:49 INFO  EntityMetadata:62 - Setter arg type: String
 Income type: String
2014-12-29 23:29:49 INFO  EntityMetadata:62 - Setter arg type: String
 Income type: String
2014-12-29 23:29:49 INFO  EntityMetadata:62 - Setter arg type: String
 Income type: String
2014-12-29 23:29:49 INFO  EntityMetadata:62 - Setter arg type: String
 Income type: String
2014-12-29 23:29:49 INFO  EntityMetadata:62 - Setter arg type: Password
 Income type: Password
2014-12-29 23:29:49 INFO  EntityMetadata:62 - Setter arg type: String
 Income type: String
2014-12-29 23:29:49 INFO  EntityMetadata:62 - Setter arg type: String
 Income type: String
2014-12-29 23:29:49 INFO  EntityMetadata:62 - Setter arg type: BigDecimal
 Income type: BigDecimal
2014-12-29 23:29:49 INFO  EntityMetadata:62 - Setter arg type: Price
 Income type: Price
2014-12-29 23:29:49 INFO  EntityMetadata:62 - Setter arg type: Product
 Income type: Product
2014-12-29 23:29:49 INFO  EntityMetadata:62 - Setter arg type: BigDecimal
 Income type: BigDecimal
2014-12-29 23:29:49 INFO  EntityMetadata:62 - Setter arg type: Price
 Income type: Price
2014-12-29 23:29:49 INFO  EntityMetadata:62 - Setter arg type: Date
 Income type: Date
2014-12-29 23:30:05 INFO  ConnectionPool:41 - Connection pool is initialized successfully. Available connections: 5
2014-12-30 14:50:41 INFO  ConnectionPool:41 - Connection pool is initialized successfully. Available connections: 5
2014-12-30 14:51:17 INFO  ConnectionPool:41 - Connection pool is initialized successfully. Available connections: 5
2014-12-30 14:51:56 INFO  ConnectionPool:41 - Connection pool is initialized successfully. Available connections: 5
2014-12-30 14:52:11 INFO  ConnectionPool:41 - Connection pool is initialized successfully. Available connections: 5
2014-12-30 14:54:01 INFO  ConnectionPool:41 - Connection pool is initialized successfully. Available connections: 5
2014-12-30 14:58:36 INFO  ConnectionPool:41 - Connection pool is initialized successfully. Available connections: 5
2014-12-30 15:01:35 INFO  ConnectionPool:41 - Connection pool is initialized successfully. Available connections: 5
2014-12-30 15:01:54 INFO  ConnectionPool:41 - Connection pool is initialized successfully. Available connections: 5
2014-12-30 15:21:26 INFO  ConnectionPool:41 - Connection pool is initialized successfully. Available connections: 5
2014-12-30 17:33:59 INFO  ConnectionPool:41 - Connection pool is initialized successfully. Available connections: 5
2014-12-30 17:51:25 INFO  ConnectionPool:41 - Connection pool is initialized successfully. Available connections: 5
2014-12-30 17:51:31 INFO  ConnectionPool:41 - Connection pool is initialized successfully. Available connections: 5
2014-12-30 17:52:29 INFO  ConnectionPool:41 - Connection pool is initialized successfully. Available connections: 5
2014-12-30 17:53:01 INFO  ConnectionPool:41 - Connection pool is initialized successfully. Available connections: 5
2014-12-30 17:53:09 INFO  ConnectionPool:41 - Connection pool is initialized successfully. Available connections: 5
2014-12-30 17:57:42 INFO  ConnectionPool:41 - Connection pool is initialized successfully. Available connections: 5
2014-12-30 17:58:30 INFO  ConnectionPool:41 - Connection pool is initialized successfully. Available connections: 5
2014-12-30 17:59:06 INFO  ConnectionPool:41 - Connection pool is initialized successfully. Available connections: 5
2014-12-30 17:59:48 INFO  ConnectionPool:41 - Connection pool is initialized successfully. Available connections: 5
2014-12-31 01:35:08 INFO  SqlConnectionPool:41 - Connection pool is initialized successfully. Available connections: 5
2014-12-31 01:37:08 INFO  SqlConnectionPool:41 - Connection pool is initialized successfully. Available connections: 5
2014-12-31 01:37:25 INFO  SqlConnectionPool:41 - Connection pool is initialized successfully. Available connections: 5
2014-12-31 01:37:33 INFO  SqlConnectionPool:41 - Connection pool is initialized successfully. Available connections: 5
2014-12-31 13:44:59 INFO  SqlConnectionPool:41 - Connection pool is initialized successfully. Available connections: 5
2014-12-31 13:46:33 INFO  SqlConnectionPool:41 - Connection pool is initialized successfully. Available connections: 5
2014-12-31 13:47:02 INFO  SqlConnectionPool:41 - Connection pool is initialized successfully. Available connections: 5
2014-12-31 13:47:21 INFO  SqlConnectionPool:41 - Connection pool is initialized successfully. Available connections: 5
2014-12-31 13:48:37 INFO  SqlConnectionPool:41 - Connection pool is initialized successfully. Available connections: 5
2014-12-31 13:48:56 INFO  SqlConnectionPool:41 - Connection pool is initialized successfully. Available connections: 5
2014-12-31 13:49:35 INFO  SqlConnectionPool:41 - Connection pool is initialized successfully. Available connections: 5
2014-12-31 13:53:48 ERROR SqlConnectionPool:93 - error while creating connection: Ошибка ввода/вывода: "java.io.IOException: Процесс не может получить доступ к файлу, так как часть этого файла заблокирована другим процессом"; "P:/Workspace/Intellij Projects/online-store/database/MyDatabase.h2.db"
IO Exception: "java.io.IOException: Процесс не может получить доступ к файлу, так как часть этого файла заблокирована другим процессом"; "P:/Workspace/Intellij Projects/online-store/database/MyDatabase.h2.db" [90031-182]
org.h2.jdbc.JdbcSQLException: Ошибка ввода/вывода: "java.io.IOException: Процесс не может получить доступ к файлу, так как часть этого файла заблокирована другим процессом"; "P:/Workspace/Intellij Projects/online-store/database/MyDatabase.h2.db"
IO Exception: "java.io.IOException: Процесс не может получить доступ к файлу, так как часть этого файла заблокирована другим процессом"; "P:/Workspace/Intellij Projects/online-store/database/MyDatabase.h2.db" [90031-182]
	at org.h2.message.DbException.getJdbcSQLException(DbException.java:345)
	at org.h2.message.DbException.get(DbException.java:168)
	at org.h2.message.DbException.convertIOException(DbException.java:330)
	at org.h2.store.FileStore.readFully(FileStore.java:275)
	at org.h2.store.FileStore.readFullyDirect(FileStore.java:255)
	at org.h2.store.FileStore.init(FileStore.java:193)
	at org.h2.engine.Database.openFile(Database.java:530)
	at org.h2.store.PageStore.openExisting(PageStore.java:328)
	at org.h2.store.PageStore.open(PageStore.java:288)
	at org.h2.engine.Database.getPageStore(Database.java:2390)
	at org.h2.engine.Database.open(Database.java:666)
	at org.h2.engine.Database.openDatabase(Database.java:266)
	at org.h2.engine.Database.<init>(Database.java:260)
	at org.h2.engine.Engine.openSession(Engine.java:60)
	at org.h2.engine.Engine.openSession(Engine.java:167)
	at org.h2.engine.Engine.createSessionAndValidate(Engine.java:145)
	at org.h2.engine.Engine.createSession(Engine.java:128)
	at org.h2.engine.Engine.createSession(Engine.java:26)
	at org.h2.engine.SessionRemote.connectEmbeddedOrServer(SessionRemote.java:347)
	at org.h2.jdbc.JdbcConnection.<init>(JdbcConnection.java:108)
	at org.h2.jdbc.JdbcConnection.<init>(JdbcConnection.java:92)
	at org.h2.Driver.connect(Driver.java:72)
	at java.sql.DriverManager.getConnection(DriverManager.java:664)
	at java.sql.DriverManager.getConnection(DriverManager.java:247)
	at com.epam.store.dbpool.SqlConnectionPool.createConnection(SqlConnectionPool.java:91)
	at com.epam.store.dbpool.SqlConnectionPool.<init>(SqlConnectionPool.java:39)
	at com.epam.store.dbpool.ConnectionPool$InstanceHolder.<clinit>(ConnectionPool.java:15)
	at com.epam.store.dbpool.ConnectionPool.getInstance(ConnectionPool.java:6)
	at com.epam.store.dao.JdbcDaoFactory.<init>(JdbcDaoFactory.java:12)
	at com.epam.store.dao.DaoFactory.<clinit>(DaoFactory.java:5)
	at com.epam.store.DaoTest.InsertAndReadSameUserFindByParametersThenDeleteAndTryFind(DaoTest.java:19)
	at sun.reflect.NativeMethodAccessorImpl.invoke0(Native Method)
	at sun.reflect.NativeMethodAccessorImpl.invoke(NativeMethodAccessorImpl.java:62)
	at sun.reflect.DelegatingMethodAccessorImpl.invoke(DelegatingMethodAccessorImpl.java:43)
	at java.lang.reflect.Method.invoke(Method.java:483)
	at org.junit.runners.model.FrameworkMethod$1.runReflectiveCall(FrameworkMethod.java:50)
	at org.junit.internal.runners.model.ReflectiveCallable.run(ReflectiveCallable.java:12)
	at org.junit.runners.model.FrameworkMethod.invokeExplosively(FrameworkMethod.java:47)
	at org.junit.internal.runners.statements.InvokeMethod.evaluate(InvokeMethod.java:17)
	at org.junit.runners.ParentRunner.runLeaf(ParentRunner.java:325)
	at org.junit.runners.BlockJUnit4ClassRunner.runChild(BlockJUnit4ClassRunner.java:78)
	at org.junit.runners.BlockJUnit4ClassRunner.runChild(BlockJUnit4ClassRunner.java:57)
	at org.junit.runners.ParentRunner$3.run(ParentRunner.java:290)
	at org.junit.runners.ParentRunner$1.schedule(ParentRunner.java:71)
	at org.junit.runners.ParentRunner.runChildren(ParentRunner.java:288)
	at org.junit.runners.ParentRunner.access$000(ParentRunner.java:58)
	at org.junit.runners.ParentRunner$2.evaluate(ParentRunner.java:268)
	at org.junit.runners.ParentRunner.run(ParentRunner.java:363)
	at org.junit.runner.JUnitCore.run(JUnitCore.java:137)
	at com.intellij.junit4.JUnit4IdeaTestRunner.startRunnerWithArgs(JUnit4IdeaTestRunner.java:74)
	at com.intellij.rt.execution.junit.JUnitStarter.prepareStreamsAndStart(JUnitStarter.java:211)
	at com.intellij.rt.execution.junit.JUnitStarter.main(JUnitStarter.java:67)
Caused by: java.io.IOException: Процесс не может получить доступ к файлу, так как часть этого файла заблокирована другим процессом
	at java.io.RandomAccessFile.readBytes(Native Method)
	at java.io.RandomAccessFile.read(RandomAccessFile.java:360)
	at org.h2.store.fs.FileDisk.read(FilePathDisk.java:467)
	at org.h2.store.fs.FileUtils.readFully(FileUtils.java:356)
	at org.h2.store.FileStore.readFully(FileStore.java:273)
	... 48 more
2014-12-31 13:54:03 INFO  SqlConnectionPool:41 - Connection pool is initialized successfully. Available connections: 5
2014-12-31 13:59:37 INFO  SqlConnectionPool:41 - Connection pool is initialized successfully. Available connections: 5
2014-12-31 14:00:08 INFO  SqlConnectionPool:41 - Connection pool is initialized successfully. Available connections: 5
2014-12-31 14:03:00 INFO  SqlConnectionPool:41 - Connection pool is initialized successfully. Available connections: 5
2014-12-31 14:04:40 INFO  SqlConnectionPool:41 - Connection pool is initialized successfully. Available connections: 5
2014-12-31 14:04:55 INFO  SqlConnectionPool:41 - Connection pool is initialized successfully. Available connections: 5
2014-12-31 14:07:41 INFO  SqlConnectionPool:41 - Connection pool is initialized successfully. Available connections: 5
2014-12-31 14:08:30 INFO  SqlConnectionPool:41 - Connection pool is initialized successfully. Available connections: 5
2014-12-31 14:27:36 INFO  SqlConnectionPool:41 - Connection pool is initialized successfully. Available connections: 5
2014-12-31 14:31:54 INFO  SqlConnectionPool:41 - Connection pool is initialized successfully. Available connections: 5
2014-12-31 14:33:46 INFO  SqlConnectionPool:41 - Connection pool is initialized successfully. Available connections: 5
2014-12-31 14:34:12 INFO  SqlConnectionPool:41 - Connection pool is initialized successfully. Available connections: 5
2015-01-03 16:28:01 INFO  SqlConnectionPool:41 - Connection pool is initialized successfully. Available connections: 5
2015-01-03 16:28:54 INFO  SqlConnectionPool:41 - Connection pool is initialized successfully. Available connections: 5
2015-01-03 16:29:15 INFO  SqlConnectionPool:41 - Connection pool is initialized successfully. Available connections: 5
2015-01-03 16:41:56 INFO  SqlConnectionPool:41 - Connection pool is initialized successfully. Available connections: 5
2015-01-03 16:58:33 INFO  SqlConnectionPool:41 - Connection pool is initialized successfully. Available connections: 5
2015-01-03 17:01:48 INFO  SqlConnectionPool:41 - Connection pool is initialized successfully. Available connections: 5
2015-01-03 17:02:48 INFO  SqlConnectionPool:41 - Connection pool is initialized successfully. Available connections: 5
2015-01-03 17:04:52 INFO  SqlConnectionPool:41 - Connection pool is initialized successfully. Available connections: 5
2015-01-03 18:41:30 INFO  SqlConnectionPool:41 - Connection pool is initialized successfully. Available connections: 5
2015-01-03 18:41:37 INFO  SqlConnectionPool:41 - Connection pool is initialized successfully. Available connections: 5
2015-01-03 18:51:42 INFO  SqlConnectionPool:41 - Connection pool is initialized successfully. Available connections: 5
2015-01-03 18:53:06 INFO  SqlConnectionPool:41 - Connection pool is initialized successfully. Available connections: 5
2015-01-03 18:53:41 INFO  SqlConnectionPool:41 - Connection pool is initialized successfully. Available connections: 5
2015-01-03 18:54:02 INFO  SqlConnectionPool:41 - Connection pool is initialized successfully. Available connections: 5
2015-01-03 19:02:26 INFO  SqlConnectionPool:41 - Connection pool is initialized successfully. Available connections: 5
2015-01-03 19:13:26 INFO  SqlConnectionPool:41 - Connection pool is initialized successfully. Available connections: 5
2015-01-03 20:10:19 INFO  SqlConnectionPool:41 - Connection pool is initialized successfully. Available connections: 5
2015-01-03 21:36:52 INFO  SqlConnectionPool:41 - Connection pool is initialized successfully. Available connections: 5
2015-01-03 21:38:43 INFO  SqlConnectionPool:41 - Connection pool is initialized successfully. Available connections: 5
2015-01-04 01:47:50 INFO  SqlConnectionPool:41 - Connection pool is initialized successfully. Available connections: 5
2015-01-05 15:19:04 INFO  SqlConnectionPool:41 - Connection pool is initialized successfully. Available connections: 5
2015-01-05 21:01:33 INFO  SqlConnectionPool:41 - Connection pool is initialized successfully. Available connections: 5
2015-01-05 21:04:07 INFO  SqlConnectionPool:41 - Connection pool is initialized successfully. Available connections: 5
2015-01-05 21:04:35 INFO  SqlConnectionPool:41 - Connection pool is initialized successfully. Available connections: 5
2015-01-05 21:12:15 INFO  SqlConnectionPool:41 - Connection pool is initialized successfully. Available connections: 5
2015-01-05 21:12:41 INFO  SqlConnectionPool:41 - Connection pool is initialized successfully. Available connections: 5
2015-01-05 21:14:02 INFO  SqlConnectionPool:41 - Connection pool is initialized successfully. Available connections: 5
2015-01-05 21:14:14 INFO  SqlConnectionPool:41 - Connection pool is initialized successfully. Available connections: 5
2015-01-05 21:14:19 ERROR SqlConnectionPool:93 - error while creating connection: Ошибка ввода/вывода: "java.io.IOException: Процесс не может получить доступ к файлу, так как часть этого файла заблокирована другим процессом"; "P:/Workspace/Intellij Projects/online-store/database/MyDatabase.h2.db"
IO Exception: "java.io.IOException: Процесс не может получить доступ к файлу, так как часть этого файла заблокирована другим процессом"; "P:/Workspace/Intellij Projects/online-store/database/MyDatabase.h2.db" [90031-182]
org.h2.jdbc.JdbcSQLException: Ошибка ввода/вывода: "java.io.IOException: Процесс не может получить доступ к файлу, так как часть этого файла заблокирована другим процессом"; "P:/Workspace/Intellij Projects/online-store/database/MyDatabase.h2.db"
IO Exception: "java.io.IOException: Процесс не может получить доступ к файлу, так как часть этого файла заблокирована другим процессом"; "P:/Workspace/Intellij Projects/online-store/database/MyDatabase.h2.db" [90031-182]
	at org.h2.message.DbException.getJdbcSQLException(DbException.java:345)
	at org.h2.message.DbException.get(DbException.java:168)
	at org.h2.message.DbException.convertIOException(DbException.java:330)
	at org.h2.store.FileStore.readFully(FileStore.java:275)
	at org.h2.store.FileStore.readFullyDirect(FileStore.java:255)
	at org.h2.store.FileStore.init(FileStore.java:193)
	at org.h2.engine.Database.openFile(Database.java:530)
	at org.h2.store.PageStore.openExisting(PageStore.java:328)
	at org.h2.store.PageStore.open(PageStore.java:288)
	at org.h2.engine.Database.getPageStore(Database.java:2390)
	at org.h2.engine.Database.open(Database.java:666)
	at org.h2.engine.Database.openDatabase(Database.java:266)
	at org.h2.engine.Database.<init>(Database.java:260)
	at org.h2.engine.Engine.openSession(Engine.java:60)
	at org.h2.engine.Engine.openSession(Engine.java:167)
	at org.h2.engine.Engine.createSessionAndValidate(Engine.java:145)
	at org.h2.engine.Engine.createSession(Engine.java:128)
	at org.h2.engine.Engine.createSession(Engine.java:26)
	at org.h2.engine.SessionRemote.connectEmbeddedOrServer(SessionRemote.java:347)
	at org.h2.jdbc.JdbcConnection.<init>(JdbcConnection.java:108)
	at org.h2.jdbc.JdbcConnection.<init>(JdbcConnection.java:92)
	at org.h2.Driver.connect(Driver.java:72)
	at java.sql.DriverManager.getConnection(DriverManager.java:664)
	at java.sql.DriverManager.getConnection(DriverManager.java:247)
	at com.epam.store.dbpool.SqlConnectionPool.createConnection(SqlConnectionPool.java:91)
	at com.epam.store.dbpool.SqlConnectionPool.<init>(SqlConnectionPool.java:39)
	at com.epam.store.Test.main(Test.java:26)
Caused by: java.io.IOException: Процесс не может получить доступ к файлу, так как часть этого файла заблокирована другим процессом
	at java.io.RandomAccessFile.readBytes(Native Method)
	at java.io.RandomAccessFile.read(RandomAccessFile.java:360)
	at org.h2.store.fs.FileDisk.read(FilePathDisk.java:467)
	at org.h2.store.fs.FileUtils.readFully(FileUtils.java:356)
	at org.h2.store.FileStore.readFully(FileStore.java:273)
	... 23 more
2015-01-05 21:14:23 INFO  SqlConnectionPool:41 - Connection pool is initialized successfully. Available connections: 5
2015-01-05 21:14:45 INFO  SqlConnectionPool:41 - Connection pool is initialized successfully. Available connections: 5
2015-01-05 21:27:52 INFO  SqlConnectionPool:41 - Connection pool is initialized successfully. Available connections: 5
2015-01-05 21:29:07 INFO  SqlConnectionPool:41 - Connection pool is initialized successfully. Available connections: 5
2015-01-05 21:33:57 INFO  SqlConnectionPool:41 - Connection pool is initialized successfully. Available connections: 5
2015-01-05 21:35:20 INFO  SqlConnectionPool:41 - Connection pool is initialized successfully. Available connections: 5
2015-01-05 21:35:38 INFO  SqlConnectionPool:41 - Connection pool is initialized successfully. Available connections: 5
2015-01-05 21:37:13 INFO  SqlConnectionPool:41 - Connection pool is initialized successfully. Available connections: 5
2015-01-05 21:37:28 INFO  SqlConnectionPool:41 - Connection pool is initialized successfully. Available connections: 5
2015-01-05 21:37:44 INFO  SqlConnectionPool:41 - Connection pool is initialized successfully. Available connections: 5
2015-01-05 21:38:46 INFO  SqlConnectionPool:41 - Connection pool is initialized successfully. Available connections: 5
2015-01-05 21:39:21 INFO  SqlConnectionPool:41 - Connection pool is initialized successfully. Available connections: 5
2015-01-05 21:40:39 INFO  SqlConnectionPool:41 - Connection pool is initialized successfully. Available connections: 5
2015-01-05 21:41:11 INFO  SqlConnectionPool:41 - Connection pool is initialized successfully. Available connections: 5
2015-01-05 21:59:08 INFO  SqlConnectionPool:41 - Connection pool is initialized successfully. Available connections: 5
2015-01-05 22:01:01 INFO  SqlConnectionPool:41 - Connection pool is initialized successfully. Available connections: 5
2015-01-05 22:03:50 INFO  SqlConnectionPool:41 - Connection pool is initialized successfully. Available connections: 5
2015-01-05 22:04:26 INFO  SqlConnectionPool:41 - Connection pool is initialized successfully. Available connections: 5
2015-01-05 22:10:37 INFO  SqlConnectionPool:41 - Connection pool is initialized successfully. Available connections: 5
2015-01-05 22:10:57 INFO  SqlConnectionPool:41 - Connection pool is initialized successfully. Available connections: 5
2015-01-05 22:17:15 INFO  SqlConnectionPool:41 - Connection pool is initialized successfully. Available connections: 5
2015-01-05 22:20:43 INFO  SqlConnectionPool:41 - Connection pool is initialized successfully. Available connections: 5
2015-01-05 22:21:05 INFO  SqlConnectionPool:41 - Connection pool is initialized successfully. Available connections: 5
2015-01-05 22:21:36 INFO  SqlConnectionPool:41 - Connection pool is initialized successfully. Available connections: 5
2015-01-05 22:24:17 INFO  SqlConnectionPool:41 - Connection pool is initialized successfully. Available connections: 5
2015-01-05 22:28:31 INFO  SqlConnectionPool:41 - Connection pool is initialized successfully. Available connections: 5
2015-01-05 22:39:05 INFO  SqlConnectionPool:41 - Connection pool is initialized successfully. Available connections: 5
2015-01-05 22:41:34 INFO  SqlConnectionPool:41 - Connection pool is initialized successfully. Available connections: 5
2015-01-05 22:42:45 INFO  SqlConnectionPool:41 - Connection pool is initialized successfully. Available connections: 5
2015-01-06 01:14:42 INFO  SqlConnectionPool:41 - Connection pool is initialized successfully. Available connections: 5
2015-01-06 01:18:47 INFO  SqlConnectionPool:41 - Connection pool is initialized successfully. Available connections: 5
2015-01-06 01:19:23 INFO  SqlConnectionPool:41 - Connection pool is initialized successfully. Available connections: 5
2015-01-06 01:19:34 INFO  SqlConnectionPool:41 - Connection pool is initialized successfully. Available connections: 5
2015-01-06 01:20:15 INFO  SqlConnectionPool:41 - Connection pool is initialized successfully. Available connections: 5
2015-01-06 01:20:35 INFO  SqlConnectionPool:41 - Connection pool is initialized successfully. Available connections: 5
2015-01-06 01:29:32 INFO  SqlConnectionPool:41 - Connection pool is initialized successfully. Available connections: 5
2015-01-06 01:29:43 INFO  SqlConnectionPool:41 - Connection pool is initialized successfully. Available connections: 5
2015-01-06 01:42:28 INFO  SqlConnectionPool:41 - Connection pool is initialized successfully. Available connections: 5
2015-01-12 23:15:29 INFO  SqlConnectionPool:41 - Connection pool is initialized successfully. Available connections: 5
2015-01-12 23:15:42 INFO  SqlConnectionPool:41 - Connection pool is initialized successfully. Available connections: 5
2015-01-12 23:16:56 INFO  SqlConnectionPool:41 - Connection pool is initialized successfully. Available connections: 5
